countryPicker/build/intermediates/manifest_merge_blame_file/debug/manifest-merger-blame-debug-report.txt
1<?xml version="1.0" encoding="utf-8"?>
2<manifest xmlns:android="http://schemas.android.com/apk/res/android"
3    package="com.countrypicker"
4    android:versionCode="1"
5    android:versionName="1.0" >
6
7    <uses-sdk android:minSdkVersion="17" />
7-->src\main\AndroidManifest.xml:5:5-7:41
7-->src\main\AndroidManifest.xml:6:9-35
8
9    <application
9-->src\main\AndroidManifest.xml:9:5-13:19
10        android:allowBackup="true"
10-->src\main\AndroidManifest.xml:10:9-35
11        android:label="@string/app_name"
11-->src\main\AndroidManifest.xml:11:9-41
12        android:theme="@style/AppTheme" >
12-->src\main\AndroidManifest.xml:12:9-40
13    </application>
14
15</manifest>